<?xml version="1.0" encoding="UTF-8"?>
<!-- Generated by org.testng.reporters.JUnitReportReporter -->
<testsuite hostname="DESKTOP-UM17O4D" failures="0" tests="1" name="demo.Sample" time="0.032" errors="0" timestamp="2024-08-06T11:45:08 IST" skipped="0">
  <testcase classname="demo.Sample" name="demo" time="0.032"/>
  <system-out>
    <![CDATA[Sample class Executed]]>
  </system-out>
</testsuite> <!-- demo.Sample -->
