<?xml version="1.0" encoding="UTF-8"?>
<!-- Generated by org.testng.reporters.JUnitReportReporter -->
<testsuite hostname="DESKTOP-UM17O4D" failures="0" tests="1" name="extentReports.ToLearnExtentReports" time="1.427" errors="0" timestamp="2024-08-09T11:54:39 IST" skipped="0">
  <testcase classname="extentReports.ToLearnExtentReports" name="createReport" time="1.427"/>
  <system-out/>
</testsuite> <!-- extentReports.ToLearnExtentReports -->
